mode: atomic
github.com/viettrung2103/bookmark-management-lesson/docs/docs.go:52.13,54.2 1 0
github.com/viettrung2103/bookmark-management-lesson/internal/api/api.go:28.36,36.2 3 0
github.com/viettrung2103/bookmark-management-lesson/internal/api/api.go:39.32,41.2 1 0
github.com/viettrung2103/bookmark-management-lesson/internal/api/api.go:44.70,46.2 1 0
github.com/viettrung2103/bookmark-management-lesson/internal/api/api.go:49.31,56.2 4 0
github.com/viettrung2103/bookmark-management-lesson/internal/api/config.go:9.35,12.16 3 0
github.com/viettrung2103/bookmark-management-lesson/internal/api/config.go:12.16,14.3 1 0
github.com/viettrung2103/bookmark-management-lesson/internal/api/config.go:15.2,15.17 1 0
github.com/viettrung2103/bookmark-management-lesson/docs/docs.go:52.13,54.2 1 0
github.com/viettrung2103/bookmark-management-lesson/internal/api/api.go:28.36,36.2 3 0
github.com/viettrung2103/bookmark-management-lesson/internal/api/api.go:39.32,41.2 1 0
github.com/viettrung2103/bookmark-management-lesson/internal/api/api.go:44.70,46.2 1 0
github.com/viettrung2103/bookmark-management-lesson/internal/api/api.go:49.31,56.2 4 0
github.com/viettrung2103/bookmark-management-lesson/internal/api/config.go:9.35,12.16 3 0
github.com/viettrung2103/bookmark-management-lesson/internal/api/config.go:12.16,14.3 1 0
github.com/viettrung2103/bookmark-management-lesson/internal/api/config.go:15.2,15.17 1 0
github.com/viettrung2103/bookmark-management-lesson/internal/handler/genpass.go:21.53,25.2 1 2
github.com/viettrung2103/bookmark-management-lesson/internal/handler/genpass.go:33.59,35.16 2 2
github.com/viettrung2103/bookmark-management-lesson/internal/handler/genpass.go:35.16,38.3 2 1
github.com/viettrung2103/bookmark-management-lesson/internal/handler/genpass.go:39.2,39.48 1 1
github.com/viettrung2103/bookmark-management-lesson/internal/service/genpass.go:19.27,21.2 1 0
github.com/viettrung2103/bookmark-management-lesson/internal/service/genpass.go:24.71,28.30 2 0
github.com/viettrung2103/bookmark-management-lesson/internal/service/genpass.go:28.30,30.17 2 0
github.com/viettrung2103/bookmark-management-lesson/internal/service/genpass.go:30.17,32.4 1 0
github.com/viettrung2103/bookmark-management-lesson/internal/service/genpass.go:33.3,33.35 1 0
github.com/viettrung2103/bookmark-management-lesson/internal/service/genpass.go:36.2,36.30 1 0
github.com/viettrung2103/bookmark-management-lesson/docs/docs.go:52.13,54.2 1 1
github.com/viettrung2103/bookmark-management-lesson/internal/api/api.go:28.36,36.2 3 2
github.com/viettrung2103/bookmark-management-lesson/internal/api/api.go:39.32,41.2 1 0
github.com/viettrung2103/bookmark-management-lesson/internal/api/api.go:44.70,46.2 1 2
github.com/viettrung2103/bookmark-management-lesson/internal/api/api.go:49.31,56.2 4 2
github.com/viettrung2103/bookmark-management-lesson/internal/api/config.go:9.35,12.16 3 0
github.com/viettrung2103/bookmark-management-lesson/internal/api/config.go:12.16,14.3 1 0
github.com/viettrung2103/bookmark-management-lesson/internal/api/config.go:15.2,15.17 1 0
github.com/viettrung2103/bookmark-management-lesson/internal/handler/genpass.go:21.53,25.2 1 2
github.com/viettrung2103/bookmark-management-lesson/internal/handler/genpass.go:33.59,35.16 2 1
github.com/viettrung2103/bookmark-management-lesson/internal/handler/genpass.go:35.16,38.3 2 0
github.com/viettrung2103/bookmark-management-lesson/internal/handler/genpass.go:39.2,39.48 1 1
github.com/viettrung2103/bookmark-management-lesson/internal/service/genpass.go:19.27,21.2 1 2
github.com/viettrung2103/bookmark-management-lesson/internal/service/genpass.go:24.71,28.30 2 1
github.com/viettrung2103/bookmark-management-lesson/internal/service/genpass.go:28.30,30.17 2 12
github.com/viettrung2103/bookmark-management-lesson/internal/service/genpass.go:30.17,32.4 1 0
github.com/viettrung2103/bookmark-management-lesson/internal/service/genpass.go:33.3,33.35 1 12
github.com/viettrung2103/bookmark-management-lesson/internal/service/genpass.go:36.2,36.30 1 1
github.com/viettrung2103/bookmark-management-lesson/docs/docs.go:52.13,54.2 1 0
github.com/viettrung2103/bookmark-management-lesson/internal/api/api.go:28.36,36.2 3 0
github.com/viettrung2103/bookmark-management-lesson/internal/api/api.go:39.32,41.2 1 0
github.com/viettrung2103/bookmark-management-lesson/internal/api/api.go:44.70,46.2 1 0
github.com/viettrung2103/bookmark-management-lesson/internal/api/api.go:49.31,56.2 4 0
github.com/viettrung2103/bookmark-management-lesson/internal/api/config.go:9.35,12.16 3 0
github.com/viettrung2103/bookmark-management-lesson/internal/api/config.go:12.16,14.3 1 0
github.com/viettrung2103/bookmark-management-lesson/internal/api/config.go:15.2,15.17 1 0
github.com/viettrung2103/bookmark-management-lesson/internal/handler/genpass.go:21.53,25.2 1 0
github.com/viettrung2103/bookmark-management-lesson/internal/handler/genpass.go:33.59,35.16 2 0
github.com/viettrung2103/bookmark-management-lesson/internal/handler/genpass.go:35.16,38.3 2 0
github.com/viettrung2103/bookmark-management-lesson/internal/handler/genpass.go:39.2,39.48 1 0
github.com/viettrung2103/bookmark-management-lesson/internal/service/genpass.go:19.27,21.2 1 3
github.com/viettrung2103/bookmark-management-lesson/internal/service/genpass.go:24.71,28.30 2 3
github.com/viettrung2103/bookmark-management-lesson/internal/service/genpass.go:28.30,30.17 2 10013
github.com/viettrung2103/bookmark-management-lesson/internal/service/genpass.go:30.17,32.4 1 0
github.com/viettrung2103/bookmark-management-lesson/internal/service/genpass.go:33.3,33.35 1 10013
github.com/viettrung2103/bookmark-management-lesson/internal/service/genpass.go:36.2,36.30 1 3
