mode: atomic
github.com/viettrung2103/bookmark-management-lesson/internal/handler/genpass.go:21.53,25.2 1 1
github.com/viettrung2103/bookmark-management-lesson/internal/handler/genpass.go:33.59,37.2 2 1
github.com/viettrung2103/bookmark-management-lesson/internal/handler/healthcheck.go:19.69,23.2 1 0
github.com/viettrung2103/bookmark-management-lesson/internal/handler/healthcheck.go:31.58,33.16 2 0
github.com/viettrung2103/bookmark-management-lesson/internal/handler/healthcheck.go:33.16,42.3 3 0
github.com/viettrung2103/bookmark-management-lesson/internal/handler/healthcheck.go:43.2,47.5 1 0
github.com/viettrung2103/bookmark-management-lesson/internal/handler/shortenurl.go:21.79,25.2 1 2
github.com/viettrung2103/bookmark-management-lesson/internal/handler/shortenurl.go:44.56,46.50 2 0
github.com/viettrung2103/bookmark-management-lesson/internal/handler/shortenurl.go:46.50,49.3 2 0
github.com/viettrung2103/bookmark-management-lesson/internal/handler/shortenurl.go:51.2,52.16 2 0
github.com/viettrung2103/bookmark-management-lesson/internal/handler/shortenurl.go:52.16,55.3 2 0
github.com/viettrung2103/bookmark-management-lesson/internal/handler/shortenurl.go:56.2,56.66 1 0
github.com/viettrung2103/bookmark-management-lesson/internal/handler/shortenurl.go:66.54,68.16 2 2
github.com/viettrung2103/bookmark-management-lesson/internal/handler/shortenurl.go:68.16,70.3 1 0
github.com/viettrung2103/bookmark-management-lesson/internal/handler/shortenurl.go:73.2,74.16 2 2
github.com/viettrung2103/bookmark-management-lesson/internal/handler/shortenurl.go:74.16,75.42 1 0
github.com/viettrung2103/bookmark-management-lesson/internal/handler/shortenurl.go:75.42,78.4 2 0
github.com/viettrung2103/bookmark-management-lesson/internal/handler/shortenurl.go:79.3,81.9 3 0
github.com/viettrung2103/bookmark-management-lesson/internal/handler/shortenurl.go:85.2,85.35 1 2
github.com/viettrung2103/bookmark-management-lesson/internal/repository/healthcheck_repo.go:20.50,24.2 1 0
github.com/viettrung2103/bookmark-management-lesson/internal/repository/healthcheck_repo.go:27.66,30.2 1 0
github.com/viettrung2103/bookmark-management-lesson/internal/repository/urlstorage.go:27.48,29.2 1 0
github.com/viettrung2103/bookmark-management-lesson/internal/repository/urlstorage.go:32.95,34.16 2 0
github.com/viettrung2103/bookmark-management-lesson/internal/repository/urlstorage.go:34.16,36.3 1 0
github.com/viettrung2103/bookmark-management-lesson/internal/repository/urlstorage.go:37.2,37.12 1 0
github.com/viettrung2103/bookmark-management-lesson/internal/repository/urlstorage.go:41.79,48.2 1 0
github.com/viettrung2103/bookmark-management-lesson/internal/service/healthcheck_service.go:21.62,23.2 1 0
github.com/viettrung2103/bookmark-management-lesson/internal/service/healthcheck_service.go:26.69,28.2 1 0
github.com/viettrung2103/bookmark-management-lesson/internal/service/pass_service.go:24.27,26.2 1 0
github.com/viettrung2103/bookmark-management-lesson/internal/service/pass_service.go:29.52,33.2 1 0
github.com/viettrung2103/bookmark-management-lesson/internal/service/urlStorage_service.go:28.86,33.2 1 0
github.com/viettrung2103/bookmark-management-lesson/internal/service/urlStorage_service.go:40.100,46.46 3 0
github.com/viettrung2103/bookmark-management-lesson/internal/service/urlStorage_service.go:46.46,48.3 1 0
github.com/viettrung2103/bookmark-management-lesson/internal/service/urlStorage_service.go:50.2,50.15 1 0
github.com/viettrung2103/bookmark-management-lesson/internal/service/urlStorage_service.go:50.15,52.3 1 0
github.com/viettrung2103/bookmark-management-lesson/internal/service/urlStorage_service.go:55.2,56.16 2 0
github.com/viettrung2103/bookmark-management-lesson/internal/service/urlStorage_service.go:56.16,58.3 1 0
github.com/viettrung2103/bookmark-management-lesson/internal/service/urlStorage_service.go:59.2,59.17 1 0
github.com/viettrung2103/bookmark-management-lesson/internal/service/urlStorage_service.go:64.98,66.31 2 0
github.com/viettrung2103/bookmark-management-lesson/internal/service/urlStorage_service.go:66.31,68.3 1 0
github.com/viettrung2103/bookmark-management-lesson/internal/service/urlStorage_service.go:70.2,70.17 1 0
github.com/viettrung2103/bookmark-management-lesson/internal/service/urlStorage_service.go:77.89,80.16 2 0
github.com/viettrung2103/bookmark-management-lesson/internal/service/urlStorage_service.go:80.16,81.32 1 0
github.com/viettrung2103/bookmark-management-lesson/internal/service/urlStorage_service.go:81.32,83.4 1 0
github.com/viettrung2103/bookmark-management-lesson/internal/service/urlStorage_service.go:86.2,86.17 1 0
github.com/viettrung2103/bookmark-management-lesson/internal/handler/genpass.go:21.53,25.2 1 0
github.com/viettrung2103/bookmark-management-lesson/internal/handler/genpass.go:33.59,37.2 2 0
github.com/viettrung2103/bookmark-management-lesson/internal/handler/healthcheck.go:19.69,23.2 1 0
github.com/viettrung2103/bookmark-management-lesson/internal/handler/healthcheck.go:31.58,33.16 2 0
github.com/viettrung2103/bookmark-management-lesson/internal/handler/healthcheck.go:33.16,42.3 3 0
github.com/viettrung2103/bookmark-management-lesson/internal/handler/healthcheck.go:43.2,47.5 1 0
github.com/viettrung2103/bookmark-management-lesson/internal/handler/shortenurl.go:21.79,25.2 1 0
github.com/viettrung2103/bookmark-management-lesson/internal/handler/shortenurl.go:44.56,46.50 2 0
github.com/viettrung2103/bookmark-management-lesson/internal/handler/shortenurl.go:46.50,49.3 2 0
github.com/viettrung2103/bookmark-management-lesson/internal/handler/shortenurl.go:51.2,52.16 2 0
github.com/viettrung2103/bookmark-management-lesson/internal/handler/shortenurl.go:52.16,55.3 2 0
github.com/viettrung2103/bookmark-management-lesson/internal/handler/shortenurl.go:56.2,56.66 1 0
github.com/viettrung2103/bookmark-management-lesson/internal/handler/shortenurl.go:66.54,68.16 2 0
github.com/viettrung2103/bookmark-management-lesson/internal/handler/shortenurl.go:68.16,70.3 1 0
github.com/viettrung2103/bookmark-management-lesson/internal/handler/shortenurl.go:73.2,74.16 2 0
github.com/viettrung2103/bookmark-management-lesson/internal/handler/shortenurl.go:74.16,75.42 1 0
github.com/viettrung2103/bookmark-management-lesson/internal/handler/shortenurl.go:75.42,78.4 2 0
github.com/viettrung2103/bookmark-management-lesson/internal/handler/shortenurl.go:79.3,81.9 3 0
github.com/viettrung2103/bookmark-management-lesson/internal/handler/shortenurl.go:85.2,85.35 1 0
github.com/viettrung2103/bookmark-management-lesson/internal/repository/healthcheck_repo.go:20.50,24.2 1 0
github.com/viettrung2103/bookmark-management-lesson/internal/repository/healthcheck_repo.go:27.66,30.2 1 0
github.com/viettrung2103/bookmark-management-lesson/internal/repository/urlstorage.go:27.48,29.2 1 1
github.com/viettrung2103/bookmark-management-lesson/internal/repository/urlstorage.go:32.95,34.16 2 1
github.com/viettrung2103/bookmark-management-lesson/internal/repository/urlstorage.go:34.16,36.3 1 0
github.com/viettrung2103/bookmark-management-lesson/internal/repository/urlstorage.go:37.2,37.12 1 1
github.com/viettrung2103/bookmark-management-lesson/internal/repository/urlstorage.go:41.79,48.2 1 0
github.com/viettrung2103/bookmark-management-lesson/internal/service/healthcheck_service.go:21.62,23.2 1 0
github.com/viettrung2103/bookmark-management-lesson/internal/service/healthcheck_service.go:26.69,28.2 1 0
github.com/viettrung2103/bookmark-management-lesson/internal/service/pass_service.go:24.27,26.2 1 0
github.com/viettrung2103/bookmark-management-lesson/internal/service/pass_service.go:29.52,33.2 1 0
github.com/viettrung2103/bookmark-management-lesson/internal/service/urlStorage_service.go:28.86,33.2 1 0
github.com/viettrung2103/bookmark-management-lesson/internal/service/urlStorage_service.go:40.100,46.46 3 0
github.com/viettrung2103/bookmark-management-lesson/internal/service/urlStorage_service.go:46.46,48.3 1 0
github.com/viettrung2103/bookmark-management-lesson/internal/service/urlStorage_service.go:50.2,50.15 1 0
github.com/viettrung2103/bookmark-management-lesson/internal/service/urlStorage_service.go:50.15,52.3 1 0
github.com/viettrung2103/bookmark-management-lesson/internal/service/urlStorage_service.go:55.2,56.16 2 0
github.com/viettrung2103/bookmark-management-lesson/internal/service/urlStorage_service.go:56.16,58.3 1 0
github.com/viettrung2103/bookmark-management-lesson/internal/service/urlStorage_service.go:59.2,59.17 1 0
github.com/viettrung2103/bookmark-management-lesson/internal/service/urlStorage_service.go:64.98,66.31 2 0
github.com/viettrung2103/bookmark-management-lesson/internal/service/urlStorage_service.go:66.31,68.3 1 0
github.com/viettrung2103/bookmark-management-lesson/internal/service/urlStorage_service.go:70.2,70.17 1 0
github.com/viettrung2103/bookmark-management-lesson/internal/service/urlStorage_service.go:77.89,80.16 2 0
github.com/viettrung2103/bookmark-management-lesson/internal/service/urlStorage_service.go:80.16,81.32 1 0
github.com/viettrung2103/bookmark-management-lesson/internal/service/urlStorage_service.go:81.32,83.4 1 0
github.com/viettrung2103/bookmark-management-lesson/internal/service/urlStorage_service.go:86.2,86.17 1 0
github.com/viettrung2103/bookmark-management-lesson/internal/handler/genpass.go:21.53,25.2 1 0
github.com/viettrung2103/bookmark-management-lesson/internal/handler/genpass.go:33.59,37.2 2 0
github.com/viettrung2103/bookmark-management-lesson/internal/handler/healthcheck.go:19.69,23.2 1 0
github.com/viettrung2103/bookmark-management-lesson/internal/handler/healthcheck.go:31.58,33.16 2 0
github.com/viettrung2103/bookmark-management-lesson/internal/handler/healthcheck.go:33.16,42.3 3 0
github.com/viettrung2103/bookmark-management-lesson/internal/handler/healthcheck.go:43.2,47.5 1 0
github.com/viettrung2103/bookmark-management-lesson/internal/handler/shortenurl.go:21.79,25.2 1 0
github.com/viettrung2103/bookmark-management-lesson/internal/handler/shortenurl.go:44.56,46.50 2 0
github.com/viettrung2103/bookmark-management-lesson/internal/handler/shortenurl.go:46.50,49.3 2 0
github.com/viettrung2103/bookmark-management-lesson/internal/handler/shortenurl.go:51.2,52.16 2 0
github.com/viettrung2103/bookmark-management-lesson/internal/handler/shortenurl.go:52.16,55.3 2 0
github.com/viettrung2103/bookmark-management-lesson/internal/handler/shortenurl.go:56.2,56.66 1 0
github.com/viettrung2103/bookmark-management-lesson/internal/handler/shortenurl.go:66.54,68.16 2 0
github.com/viettrung2103/bookmark-management-lesson/internal/handler/shortenurl.go:68.16,70.3 1 0
github.com/viettrung2103/bookmark-management-lesson/internal/handler/shortenurl.go:73.2,74.16 2 0
github.com/viettrung2103/bookmark-management-lesson/internal/handler/shortenurl.go:74.16,75.42 1 0
github.com/viettrung2103/bookmark-management-lesson/internal/handler/shortenurl.go:75.42,78.4 2 0
github.com/viettrung2103/bookmark-management-lesson/internal/handler/shortenurl.go:79.3,81.9 3 0
github.com/viettrung2103/bookmark-management-lesson/internal/handler/shortenurl.go:85.2,85.35 1 0
github.com/viettrung2103/bookmark-management-lesson/internal/repository/healthcheck_repo.go:20.50,24.2 1 0
github.com/viettrung2103/bookmark-management-lesson/internal/repository/healthcheck_repo.go:27.66,30.2 1 0
github.com/viettrung2103/bookmark-management-lesson/internal/repository/urlstorage.go:27.48,29.2 1 0
github.com/viettrung2103/bookmark-management-lesson/internal/repository/urlstorage.go:32.95,34.16 2 0
github.com/viettrung2103/bookmark-management-lesson/internal/repository/urlstorage.go:34.16,36.3 1 0
github.com/viettrung2103/bookmark-management-lesson/internal/repository/urlstorage.go:37.2,37.12 1 0
github.com/viettrung2103/bookmark-management-lesson/internal/repository/urlstorage.go:41.79,48.2 1 0
github.com/viettrung2103/bookmark-management-lesson/internal/service/healthcheck_service.go:21.62,23.2 1 0
github.com/viettrung2103/bookmark-management-lesson/internal/service/healthcheck_service.go:26.69,28.2 1 0
github.com/viettrung2103/bookmark-management-lesson/internal/service/pass_service.go:24.27,26.2 1 1
github.com/viettrung2103/bookmark-management-lesson/internal/service/pass_service.go:29.52,33.2 1 1
github.com/viettrung2103/bookmark-management-lesson/internal/service/urlStorage_service.go:28.86,33.2 1 5
github.com/viettrung2103/bookmark-management-lesson/internal/service/urlStorage_service.go:40.100,46.46 3 3
github.com/viettrung2103/bookmark-management-lesson/internal/service/urlStorage_service.go:46.46,48.3 1 0
github.com/viettrung2103/bookmark-management-lesson/internal/service/urlStorage_service.go:50.2,50.15 1 3
github.com/viettrung2103/bookmark-management-lesson/internal/service/urlStorage_service.go:50.15,52.3 1 1
github.com/viettrung2103/bookmark-management-lesson/internal/service/urlStorage_service.go:55.2,56.16 2 2
github.com/viettrung2103/bookmark-management-lesson/internal/service/urlStorage_service.go:56.16,58.3 1 0
github.com/viettrung2103/bookmark-management-lesson/internal/service/urlStorage_service.go:59.2,59.17 1 2
github.com/viettrung2103/bookmark-management-lesson/internal/service/urlStorage_service.go:64.98,66.31 2 3
github.com/viettrung2103/bookmark-management-lesson/internal/service/urlStorage_service.go:66.31,68.3 1 0
github.com/viettrung2103/bookmark-management-lesson/internal/service/urlStorage_service.go:70.2,70.17 1 3
github.com/viettrung2103/bookmark-management-lesson/internal/service/urlStorage_service.go:77.89,80.16 2 0
github.com/viettrung2103/bookmark-management-lesson/internal/service/urlStorage_service.go:80.16,81.32 1 0
github.com/viettrung2103/bookmark-management-lesson/internal/service/urlStorage_service.go:81.32,83.4 1 0
github.com/viettrung2103/bookmark-management-lesson/internal/service/urlStorage_service.go:86.2,86.17 1 0
